adibb@ix-xenial: ~/uoregon-cis330/assignment4 8$ make
g++ main.cpp -std=c++11 -g board.cpp -o reversi
adibb@ix-xenial: ~/uoregon-cis330/assignment4 9$ reversi
Player 1: 2
Player 2: 2
  0 1 2 3 4 5 6 7
0 . . . . . . . .
1 . . . . . . . .
2 . . . . . . . .
3 . . . B W . . .
4 . . . W B . . .
5 . . . . . . . .
6 . . . . . . . .
7 . . . . . . . .
Player 1: Please input your action for this turn.
Valid actions are: (p row col) place a tile, (s) skip, and (f) forfeit/quit.
4 2
Player 1: Please input your action for this turn.
Valid actions are: (p row col) place a tile, (s) skip, and (f) forfeit/quit.
Player 1: Please input your action for this turn.
Valid actions are: (p row col) place a tile, (s) skip, and (f) forfeit/quit.
p 4 2
Player 1: 4
Player 2: 1
  0 1 2 3 4 5 6 7
0 . . . . . . . .
1 . . . . . . . .
2 . . . . . . . .
3 . . . B W . . .
4 . . B B B . . .
5 . . . . . . . .
6 . . . . . . . .
7 . . . . . . . .
Player 2: Please input your action for this turn.
Valid actions are: (p row col) place a tile, (s) skip, and (f) forfeit/quit.
p 5 2
Player 1: 3
Player 2: 3
  0 1 2 3 4 5 6 7
0 . . . . . . . .
1 . . . . . . . .
2 . . . . . . . .
3 . . . B W . . .
4 . . B W B . . .
5 . . W . . . . .
6 . . . . . . . .
7 . . . . . . . .
Player 1: Please input your action for this turn.
Valid actions are: (p row col) place a tile, (s) skip, and (f) forfeit/quit.
p 6 2
Player 1: 5
Player 2: 2
  0 1 2 3 4 5 6 7
0 . . . . . . . .
1 . . . . . . . .
2 . . . . . . . .
3 . . . B W . . .
4 . . B W B . . .
5 . . B . . . . .
6 . . B . . . . .
7 . . . . . . . .
Player 2: Please input your action for this turn.
Valid actions are: (p row col) place a tile, (s) skip, and (f) forfeit/quit.
p 3 2
Player 1: 4
Player 2: 4
  0 1 2 3 4 5 6 7
0 . . . . . . . .
1 . . . . . . . .
2 . . . . . . . .
3 . . W W W . . .
4 . . B W B . . .
5 . . B . . . . .
6 . . B . . . . .
7 . . . . . . . .
Player 1: Please input your action for this turn.
Valid actions are: (p row col) place a tile, (s) skip, and (f) forfeit/quit.
p 2 2
Player 1: 7
Player 2: 2
  0 1 2 3 4 5 6 7
0 . . . . . . . .
1 . . . . . . . .
2 . . B . . . . .
3 . . B B W . . .
4 . . B W B . . .
5 . . B . . . . .
6 . . B . . . . .
7 . . . . . . . .
Player 2: Please input your action for this turn.
Valid actions are: (p row col) place a tile, (s) skip, and (f) forfeit/quit.
p 2 3
Player 1: 6
Player 2: 4
  0 1 2 3 4 5 6 7
0 . . . . . . . .
1 . . . . . . . .
2 . . B W . . . .
3 . . B W W . . .
4 . . B W B . . .
5 . . B . . . . .
6 . . B . . . . .
7 . . . . . . . .
Player 1: Please input your action for this turn.
Valid actions are: (p row col) place a tile, (s) skip, and (f) forfeit/quit.
p 2 4
Player 1: 10
Player 2: 1
  0 1 2 3 4 5 6 7
0 . . . . . . . .
1 . . . . . . . .
2 . . B B B . . .
3 . . B B B . . .
4 . . B W B . . .
5 . . B . . . . .
6 . . B . . . . .
7 . . . . . . . .
Player 2: Please input your action for this turn.
Valid actions are: (p row col) place a tile, (s) skip, and (f) forfeit/quit.
p 4 5
Player 1: 9
Player 2: 3
  0 1 2 3 4 5 6 7
0 . . . . . . . .
1 . . . . . . . .
2 . . B B B . . .
3 . . B B B . . .
4 . . B W W W . .
5 . . B . . . . .
6 . . B . . . . .
7 . . . . . . . .
Player 1: Please input your action for this turn.
Valid actions are: (p row col) place a tile, (s) skip, and (f) forfeit/quit.
p 4 6
PLAYER 1 WINS!
adibb@ix-xenial: ~/uoregon-cis330/assignment4 10$
