/bin/cp /cs/groupprojects/cis330/assignments/assignment1/master/g_Makefile . > /dev/null 2>&1
-----<< Problem 4-first: >>------
[2017-01-19 16:13:30.787481] gcc -std=c99 -c first.c
Inputs: 
STDOUT:

STDERR:
PASS
-----<< Problem 4-first: >>------
[2017-01-19 16:13:30.874749] /bin/rm -f first *.o && make -f g_Makefile first
Inputs: 
STDOUT:
gcc -Wall -std=c99 -o first first.c

STDERR:

Comparing against master output:
[2017-01-19 16:13:31.002562] diff -y -B -b first.output first.master
Inputs: 
STDOUT:
							      >	** Welcome to Thinking in C **
							      >	(You'll be glad you came!)

STDERR:

-----<< Problem 4-first: >>------
[2017-01-19 16:13:31.039103] numdiffs=`diff  -B -b first.output first.master | wc -l`
Inputs: 
STDOUT:

STDERR:
Found 0 differences (within acceptable tolerance)
PASS
-----<< Problem 4-avg: >>------
[2017-01-19 16:13:31.102326] gcc -std=c99 -c avg.c
Inputs: 
STDOUT:

STDERR:
PASS
-----<< Problem 4-avg: >>------
[2017-01-19 16:13:31.191008] /bin/rm -f avg *.o && make -f g_Makefile avg
Inputs: 
STDOUT:
gcc -Wall -std=c99 -o avg avg.c

STDERR:

-----<< Problem 4-avg: >>------
[2017-01-19 16:13:31.324988] ./avg
Inputs: 10
12

STDOUT:
Enter the first number: 
Enter the second number: 
The average is 11.000000

STDERR:

-----<< Problem 4-avg: >>------
[2017-01-19 16:13:31.360336] ./avg
Inputs: 89
-3

STDOUT:
Enter the first number: 
Enter the second number: 
The average is 43.000000

STDERR:

Comparing against master output:
[2017-01-19 16:13:31.401402] diff -y -B -b avg.output avg.master
Inputs: 
STDOUT:
Enter the first number: 				      |	Enter the 1st number:
Enter the second number: 				      |	Enter the 2nd number:
The average is 11.000000					The average is 11.000000
Enter the first number: 				      |	Enter the 1st number:
Enter the second number: 				      |	Enter the 2nd number:
The average is 43.000000					The average is 43.000000

STDERR:

-----<< Problem 4-avg: >>------
[2017-01-19 16:13:31.438947] numdiffs=`diff  -B -b avg.output avg.master | wc -l`
Inputs: 
STDOUT:

STDERR:
Found 0 differences (within acceptable tolerance)
PASS
-----<< Problem 4-sticks: >>------
[2017-01-19 16:13:31.507688] gcc -std=c99 -c sticks.c
Inputs: 
STDOUT:

STDERR:
PASS
-----<< Problem 4-sticks: >>------
[2017-01-19 16:13:31.595219] /bin/rm -f sticks *.o && make -f g_Makefile sticks
Inputs: 
STDOUT:
gcc -Wall -std=c99 -o sticks sticks.c

STDERR:
sticks.c: In function ‘getUserChoice’:
sticks.c:25:1: warning: control reaches end of non-void function [-Wreturn-type]
 }
 ^
PASS
-----<< Problem 4-sticks: >>------
[2017-01-19 16:13:31.752261] ./sticks
Inputs: 13
3
3
2
1

STDOUT:
Welcome to the game of sticks!
How many sticks are there on the table initially (10-100)? There are 13 sticks on the board.
Player 1: How many sticks do you take (1-3)? There are 10 sticks on the board.
The computer took 1 stick(s).
There are 9 sticks on the board.
Player 1: How many sticks do you take (1-3)? There are 6 sticks on the board.
The computer took 1 stick(s).
There are 5 sticks on the board.
Player 1: How many sticks do you take (1-3)? There are 3 sticks on the board.
The computer took 2 stick(s).
There are 1 sticks on the board.
Player 1: How many sticks do you take (1-3)? There are 0 sticks on the board.
You lose!

STDERR:
PASS
Points: {'name': 'Dibb, Alex J', '4-first': [5, 0, 5], '4-avg': [5, 0, 5], '4-sticks': [25, 0, 25], 'log': "\n====================> Dibb, Alex J ; 792/bin/cp /cs/groupprojects/cis330/assignments/assignment1/master/g_Makefile . > /dev/null 2>&1\n-----<< Problem 4-first: >>------\n[2017-01-19 16:13:30.787481] gcc -std=c99 -c first.c\nInputs: \nSTDOUT:\n\nSTDERR:\nPASS\n-----<< Problem 4-first: >>------\n[2017-01-19 16:13:30.874749] /bin/rm -f first *.o && make -f g_Makefile first\nInputs: \nSTDOUT:\ngcc -Wall -std=c99 -o first first.c\n\nSTDERR:\n\nComparing against master output:\n[2017-01-19 16:13:31.002562] diff -y -B -b first.output first.master\nInputs: \nSTDOUT:\n\t\t\t\t\t\t\t      >\t** Welcome to Thinking in C **\n\t\t\t\t\t\t\t      >\t(You'll be glad you came!)\n\nSTDERR:\n\n-----<< Problem 4-first: >>------\n[2017-01-19 16:13:31.039103] numdiffs=`diff  -B -b first.output first.master | wc -l`\nInputs: \nSTDOUT:\n\nSTDERR:\nFound 0 differences (within acceptable tolerance)\nPASS\n-----<< Problem 4-avg: >>------\n[2017-01-19 16:13:31.102326] gcc -std=c99 -c avg.c\nInputs: \nSTDOUT:\n\nSTDERR:\nPASS\n-----<< Problem 4-avg: >>------\n[2017-01-19 16:13:31.191008] /bin/rm -f avg *.o && make -f g_Makefile avg\nInputs: \nSTDOUT:\ngcc -Wall -std=c99 -o avg avg.c\n\nSTDERR:\n\n-----<< Problem 4-avg: >>------\n[2017-01-19 16:13:31.324988] ./avg\nInputs: 10\n12\n\nSTDOUT:\nEnter the first number: \nEnter the second number: \nThe average is 11.000000\n\nSTDERR:\n\n-----<< Problem 4-avg: >>------\n[2017-01-19 16:13:31.360336] ./avg\nInputs: 89\n-3\n\nSTDOUT:\nEnter the first number: \nEnter the second number: \nThe average is 43.000000\n\nSTDERR:\n\nComparing against master output:\n[2017-01-19 16:13:31.401402] diff -y -B -b avg.output avg.master\nInputs: \nSTDOUT:\nEnter the first number: \t\t\t\t      |\tEnter the 1st number:\nEnter the second number: \t\t\t\t      |\tEnter the 2nd number:\nThe average is 11.000000\t\t\t\t\tThe average is 11.000000\nEnter the first number: \t\t\t\t      |\tEnter the 1st number:\nEnter the second number: \t\t\t\t      |\tEnter the 2nd number:\nThe average is 43.000000\t\t\t\t\tThe average is 43.000000\n\nSTDERR:\n\n-----<< Problem 4-avg: >>------\n[2017-01-19 16:13:31.438947] numdiffs=`diff  -B -b avg.output avg.master | wc -l`\nInputs: \nSTDOUT:\n\nSTDERR:\nFound 0 differences (within acceptable tolerance)\nPASS\n-----<< Problem 4-sticks: >>------\n[2017-01-19 16:13:31.507688] gcc -std=c99 -c sticks.c\nInputs: \nSTDOUT:\n\nSTDERR:\nPASS\n-----<< Problem 4-sticks: >>------\n[2017-01-19 16:13:31.595219] /bin/rm -f sticks *.o && make -f g_Makefile sticks\nInputs: \nSTDOUT:\ngcc -Wall -std=c99 -o sticks sticks.c\n\nSTDERR:\nsticks.c: In function \xe2\x80\x98getUserChoice\xe2\x80\x99:\nsticks.c:25:1: warning: control reaches end of non-void function [-Wreturn-type]\n }\n ^\nPASS\n-----<< Problem 4-sticks: >>------\n[2017-01-19 16:13:31.752261] ./sticks\nInputs: 13\n3\n3\n2\n1\n\nSTDOUT:\nWelcome to the game of sticks!\nHow many sticks are there on the table initially (10-100)? There are 13 sticks on the board.\nPlayer 1: How many sticks do you take (1-3)? There are 10 sticks on the board.\nThe computer took 1 stick(s).\nThere are 9 sticks on the board.\nPlayer 1: How many sticks do you take (1-3)? There are 6 sticks on the board.\nThe computer took 1 stick(s).\nThere are 5 sticks on the board.\nPlayer 1: How many sticks do you take (1-3)? There are 3 sticks on the board.\nThe computer took 2 stick(s).\nThere are 1 sticks on the board.\nPlayer 1: How many sticks do you take (1-3)? There are 0 sticks on the board.\nYou lose!\n\nSTDERR:\nPASS"}
ENDSTUDENT Dibb, Alex J

